<?xml version="1.0" encoding="UTF-8"?>
<!-- Generated by org.testng.reporters.JUnitReportReporter -->
<testsuite hostname="AYUSH26F3GL3" failures="0" tests="2" name="com.homestore.ui.tests.UITests" time="34.871" errors="0" timestamp="2025-07-08T04:00:31 IST" skipped="0">
  <testcase classname="com.homestore.ui.tests.UITests" name="testAddItemsAndCheckoutPaymentError" time="16.527"/>
  <system-out>
    <![CDATA[Verify item is added to the cart - PASSED | Value: true
Test is waiting for 5 seconds.
Verify items in cart - PASSED | Value: [Multi-colored pillows, Wooden rocking chair]
Verify total cart value - PASSED | Value: 99.99
Validate returned password - PASSED | Value: test12345
Verify error message - PASSED | Value: Invalid payment method.]]>
  </system-out>
  <testcase classname="com.homestore.ui.tests.UITests" name="testAddItemsFromHomeAndUpdateCart" time="18.344"/>
  <system-out>
    <![CDATA[Test is waiting for 10 seconds.
Verify quantity of Comfortable gray bed - PASSED | Value: 2
Verify quantity of Medium white couch - PASSED | Value: 1
Verify update cart message - PASSED | Value: Cart updated.
Verify quantity of Comfortable gray bed - PASSED | Value: 1
Verify quantity of Medium white couch - PASSED | Value: 2
Verify total cart price is updated. First item: 250.0, Second item: 180.0 x 2 - PASSED | Value: 610.0]]>
  </system-out>
</testsuite> <!-- com.homestore.ui.tests.UITests -->
