<?xml version="1.0" encoding="UTF-8"?>
<!-- Generated by org.testng.reporters.JUnitReportReporter -->
<testsuite hostname="AYUSH26F3GL3" failures="0" tests="1" name="com.homestore.ui.tests.Junk" time="24.046" errors="0" timestamp="2025-07-07T14:28:18 IST" skipped="0">
  <testcase classname="com.homestore.ui.tests.Junk" name="test" time="24.046"/>
  <system-out/>
</testsuite> <!-- com.homestore.ui.tests.Junk -->
